<?xml version="1.0" encoding="UTF-8"?>
<!-- Generated by org.testng.reporters.JUnitXMLReporter -->
<testsuite hostname="Lenovo-pc" ignored="0" name="Default test" tests="3" failures="0" timestamp="07 May 2019 17:51:31 GMT" time="16.871" errors="0">
  <testcase name="LoginTestcases" time="4.27" classname="com.data.listener.DataprovideerEx"/>
  <testcase name="LoginTestcases" time="4.243" classname="com.data.listener.DataprovideerEx"/>
  <testcase name="LoginTestcases" time="8.193" classname="com.data.listener.DataprovideerEx"/>
</testsuite> <!-- Default test -->
