<?xml version="1.0" encoding="UTF-8"?>
<!-- Generated by org.testng.reporters.JUnitXMLReporter -->
<testsuite hostname="Lenovo-pc" ignored="0" name="Test" tests="2" failures="1" timestamp="06 May 2019 21:41:23 GMT" time="9.237" errors="0">
  <testcase name="Login" time="9.197" classname="com.listener.TestCases"/>
  <testcase name="TestToFail" time="0.008" classname="com.listener.TestCases">
    <failure type="java.lang.AssertionError" message="expected [true] but found [false]">
      <![CDATA[java.lang.AssertionError: expected [true] but found [false]
at com.listener.TestCases.TestToFail(TestCases.java:30)
... Removed 29 stack frames]]>
    </failure>
  </testcase> <!-- TestToFail -->
</testsuite> <!-- Test -->
